{"/app/src/app/app.component.ts": {"path":"/app/src/app/app.component.ts","statementMap":{"0":{"start":{"line":1,"column":0},"end":{"line":1,"column":66}},"1":{"start":{"line":2,"column":0},"end":{"line":2,"column":47}},"2":{"start":{"line":3,"column":0},"end":{"line":3,"column":47}},"3":{"start":{"line":4,"column":0},"end":{"line":4,"column":78}},"4":{"start":{"line":5,"column":0},"end":{"line":5,"column":78}},"5":{"start":{"line":6,"column":0},"end":{"line":6,"column":61}},"6":{"start":{"line":7,"column":0},"end":{"line":7,"column":75}},"7":{"start":{"line":8,"column":0},"end":{"line":8,"column":61}},"8":{"start":{"line":32,"column":10},"end":{"line":32,"column":46}},"9":{"start":{"line":33,"column":10},"end":{"line":33,"column":46}},"10":{"start":{"line":37,"column":4},"end":{"line":37,"column":35}},"11":{"start":{"line":31,"column":13},"end":{"line":31,"column":25}},"12":{"start":{"line":31,"column":13},"end":{"line":39,"column":null}}},"fnMap":{"0":{"name":"(anonymous_0)","decl":{"start":{"line":35,"column":2},"end":{"line":35,"column":null}},"loc":{"start":{"line":35,"column":2},"end":{"line":38,"column":3}}}},"branchMap":{},"s":{"0":1,"1":1,"2":1,"3":1,"4":1,"5":1,"6":1,"7":1,"8":1,"9":1,"10":1,"11":1,"12":1},"f":{"0":1},"b":{}}
,"/app/src/app/core/services/local-storage.service.ts": {"path":"/app/src/app/core/services/local-storage.service.ts","statementMap":{"0":{"start":{"line":1,"column":0},"end":{"line":1,"column":43}},"1":{"start":{"line":6,"column":7},"end":{"line":41,"column":null}},"2":{"start":{"line":9,"column":4},"end":{"line":13,"column":5}},"3":{"start":{"line":10,"column":6},"end":{"line":10,"column":55}},"4":{"start":{"line":12,"column":6},"end":{"line":12,"column":59}},"5":{"start":{"line":17,"column":4},"end":{"line":23,"column":5}},"6":{"start":{"line":18,"column":19},"end":{"line":18,"column":44}},"7":{"start":{"line":19,"column":6},"end":{"line":19,"column":44}},"8":{"start":{"line":21,"column":6},"end":{"line":21,"column":62}},"9":{"start":{"line":22,"column":6},"end":{"line":22,"column":18}},"10":{"start":{"line":27,"column":4},"end":{"line":31,"column":5}},"11":{"start":{"line":28,"column":6},"end":{"line":28,"column":35}},"12":{"start":{"line":30,"column":6},"end":{"line":30,"column":63}},"13":{"start":{"line":35,"column":4},"end":{"line":39,"column":5}},"14":{"start":{"line":36,"column":6},"end":{"line":36,"column":27}},"15":{"start":{"line":38,"column":6},"end":{"line":38,"column":58}},"16":{"start":{"line":6,"column":13},"end":{"line":6,"column":32}},"17":{"start":{"line":6,"column":13},"end":{"line":41,"column":null}}},"fnMap":{"0":{"name":"(anonymous_0)","decl":{"start":{"line":8,"column":2},"end":{"line":8,"column":9}},"loc":{"start":{"line":8,"column":34},"end":{"line":14,"column":3}}},"1":{"name":"(anonymous_1)","decl":{"start":{"line":16,"column":2},"end":{"line":16,"column":9}},"loc":{"start":{"line":16,"column":24},"end":{"line":24,"column":3}}},"2":{"name":"(anonymous_2)","decl":{"start":{"line":26,"column":2},"end":{"line":26,"column":12}},"loc":{"start":{"line":26,"column":24},"end":{"line":32,"column":3}}},"3":{"name":"(anonymous_3)","decl":{"start":{"line":34,"column":2},"end":{"line":34,"column":7}},"loc":{"start":{"line":34,"column":7},"end":{"line":40,"column":3}}}},"branchMap":{"0":{"loc":{"start":{"line":19,"column":13},"end":{"line":19,"column":43}},"type":"cond-expr","locations":[{"start":{"line":19,"column":20},"end":{"line":19,"column":36}},{"start":{"line":19,"column":39},"end":{"line":19,"column":43}}]}},"s":{"0":2,"1":2,"2":1,"3":1,"4":0,"5":1,"6":1,"7":1,"8":0,"9":0,"10":0,"11":0,"12":0,"13":0,"14":0,"15":0,"16":2,"17":2},"f":{"0":1,"1":1,"2":0,"3":0},"b":{"0":[0,1]}}
,"/app/src/app/core/services/theme.service.ts": {"path":"/app/src/app/core/services/theme.service.ts","statementMap":{"0":{"start":{"line":1,"column":0},"end":{"line":1,"column":59}},"1":{"start":{"line":2,"column":0},"end":{"line":2,"column":62}},"2":{"start":{"line":4,"column":18},"end":{"line":4,"column":36}},"3":{"start":{"line":14,"column":22},"end":{"line":14,"column":43}},"4":{"start":{"line":10,"column":10},"end":{"line":10,"column":50}},"5":{"start":{"line":12,"column":9},"end":{"line":12,"column":53}},"6":{"start":{"line":15,"column":4},"end":{"line":18,"column":7}},"7":{"start":{"line":16,"column":6},"end":{"line":16,"column":46}},"8":{"start":{"line":17,"column":6},"end":{"line":17,"column":73}},"9":{"start":{"line":23,"column":23},"end":{"line":23,"column":74}},"10":{"start":{"line":25,"column":4},"end":{"line":31,"column":5}},"11":{"start":{"line":26,"column":6},"end":{"line":26,"column":53}},"12":{"start":{"line":29,"column":26},"end":{"line":29,"column":83}},"13":{"start":{"line":30,"column":6},"end":{"line":30,"column":43}},"14":{"start":{"line":35,"column":4},"end":{"line":35,"column":52}},"15":{"start":{"line":35,"column":42},"end":{"line":35,"column":50}},"16":{"start":{"line":39,"column":4},"end":{"line":39,"column":36}},"17":{"start":{"line":43,"column":4},"end":{"line":47,"column":5}},"18":{"start":{"line":44,"column":6},"end":{"line":44,"column":53}},"19":{"start":{"line":46,"column":6},"end":{"line":46,"column":56}},"20":{"start":{"line":9,"column":13},"end":{"line":9,"column":25}},"21":{"start":{"line":9,"column":13},"end":{"line":49,"column":null}}},"fnMap":{"0":{"name":"(anonymous_0)","decl":{"start":{"line":14,"column":2},"end":{"line":14,"column":22}},"loc":{"start":{"line":14,"column":62},"end":{"line":19,"column":3}}},"1":{"name":"(anonymous_1)","decl":{"start":{"line":15,"column":11},"end":{"line":15,"column":14}},"loc":{"start":{"line":15,"column":16},"end":{"line":18,"column":5}}},"2":{"name":"(anonymous_2)","decl":{"start":{"line":21,"column":2},"end":{"line":21,"column":12}},"loc":{"start":{"line":21,"column":12},"end":{"line":32,"column":3}}},"3":{"name":"(anonymous_3)","decl":{"start":{"line":34,"column":2},"end":{"line":34,"column":16}},"loc":{"start":{"line":34,"column":16},"end":{"line":36,"column":3}}},"4":{"name":"(anonymous_4)","decl":{"start":{"line":35,"column":31},"end":{"line":35,"column":38}},"loc":{"start":{"line":35,"column":42},"end":{"line":35,"column":50}}},"5":{"name":"(anonymous_5)","decl":{"start":{"line":38,"column":2},"end":{"line":38,"column":13}},"loc":{"start":{"line":38,"column":29},"end":{"line":40,"column":3}}},"6":{"name":"(anonymous_6)","decl":{"start":{"line":42,"column":10},"end":{"line":42,"column":21}},"loc":{"start":{"line":42,"column":37},"end":{"line":48,"column":3}}}},"branchMap":{"0":{"loc":{"start":{"line":25,"column":4},"end":{"line":31,"column":5}},"type":"if","locations":[{"start":{"line":25,"column":4},"end":{"line":31,"column":5}},{"start":{"line":27,"column":11},"end":{"line":31,"column":5}}]},"1":{"loc":{"start":{"line":43,"column":4},"end":{"line":47,"column":5}},"type":"if","locations":[{"start":{"line":43,"column":4},"end":{"line":47,"column":5}},{"start":{"line":45,"column":11},"end":{"line":47,"column":5}}]}},"s":{"0":2,"1":2,"2":2,"3":7,"4":7,"5":7,"6":7,"7":1,"8":1,"9":5,"10":5,"11":2,"12":3,"13":3,"14":2,"15":2,"16":1,"17":1,"18":0,"19":1,"20":2,"21":2},"f":{"0":7,"1":1,"2":5,"3":2,"4":2,"5":1,"6":1},"b":{"0":[2,3],"1":[0,1]}}
,"/app/src/app/core/services/toast.service.ts": {"path":"/app/src/app/core/services/toast.service.ts","statementMap":{"0":{"start":{"line":1,"column":0},"end":{"line":1,"column":51}},"1":{"start":{"line":13,"column":7},"end":{"line":36,"column":null}},"2":{"start":{"line":14,"column":10},"end":{"line":14,"column":45}},"3":{"start":{"line":16,"column":9},"end":{"line":16,"column":49}},"4":{"start":{"line":23,"column":15},"end":{"line":23,"column":57}},"5":{"start":{"line":25,"column":4},"end":{"line":28,"column":7}},"6":{"start":{"line":25,"column":39},"end":{"line":28,"column":6}},"7":{"start":{"line":30,"column":4},"end":{"line":30,"column":48}},"8":{"start":{"line":30,"column":21},"end":{"line":30,"column":36}},"9":{"start":{"line":34,"column":4},"end":{"line":34,"column":80}},"10":{"start":{"line":34,"column":39},"end":{"line":34,"column":78}},"11":{"start":{"line":34,"column":62},"end":{"line":34,"column":77}},"12":{"start":{"line":13,"column":13},"end":{"line":13,"column":25}},"13":{"start":{"line":13,"column":13},"end":{"line":36,"column":null}}},"fnMap":{"0":{"name":"(anonymous_0)","decl":{"start":{"line":13,"column":7},"end":{"line":13,"column":13}},"loc":{"start":{"line":13,"column":7},"end":{"line":36,"column":1}}},"1":{"name":"(anonymous_1)","decl":{"start":{"line":18,"column":2},"end":{"line":18,"column":6}},"loc":{"start":{"line":21,"column":27},"end":{"line":31,"column":3}}},"2":{"name":"(anonymous_2)","decl":{"start":{"line":25,"column":29},"end":{"line":25,"column":35}},"loc":{"start":{"line":25,"column":39},"end":{"line":28,"column":6}}},"3":{"name":"(anonymous_3)","decl":{"start":{"line":30,"column":15},"end":{"line":30,"column":18}},"loc":{"start":{"line":30,"column":21},"end":{"line":30,"column":36}}},"4":{"name":"(anonymous_4)","decl":{"start":{"line":33,"column":2},"end":{"line":33,"column":8}},"loc":{"start":{"line":33,"column":19},"end":{"line":35,"column":3}}},"5":{"name":"(anonymous_5)","decl":{"start":{"line":34,"column":29},"end":{"line":34,"column":35}},"loc":{"start":{"line":34,"column":39},"end":{"line":34,"column":78}}},"6":{"name":"(anonymous_6)","decl":{"start":{"line":34,"column":53},"end":{"line":34,"column":58}},"loc":{"start":{"line":34,"column":62},"end":{"line":34,"column":77}}}},"branchMap":{"0":{"loc":{"start":{"line":20,"column":4},"end":{"line":20,"column":59}},"type":"default-arg","locations":[{"start":{"line":20,"column":53},"end":{"line":20,"column":59}}]},"1":{"loc":{"start":{"line":21,"column":4},"end":{"line":21,"column":27}},"type":"default-arg","locations":[{"start":{"line":21,"column":23},"end":{"line":21,"column":27}}]}},"s":{"0":1,"1":1,"2":1,"3":1,"4":0,"5":0,"6":0,"7":0,"8":0,"9":0,"10":0,"11":0,"12":1,"13":1},"f":{"0":1,"1":0,"2":0,"3":0,"4":0,"5":0,"6":0},"b":{"0":[0],"1":[0]}}
,"/app/src/app/shared/components/footer/footer.component.ts": {"path":"/app/src/app/shared/components/footer/footer.component.ts","statementMap":{"0":{"start":{"line":1,"column":0},"end":{"line":1,"column":42}},"1":{"start":{"line":41,"column":7},"end":{"line":43,"column":null}},"2":{"start":{"line":42,"column":2},"end":{"line":42,"column":41}},"3":{"start":{"line":41,"column":13},"end":{"line":41,"column":28}},"4":{"start":{"line":41,"column":13},"end":{"line":43,"column":null}}},"fnMap":{"0":{"name":"(anonymous_0)","decl":{"start":{"line":41,"column":7},"end":{"line":41,"column":13}},"loc":{"start":{"line":41,"column":7},"end":{"line":43,"column":1}}}},"branchMap":{},"s":{"0":1,"1":1,"2":1,"3":1,"4":1},"f":{"0":1},"b":{}}
,"/app/src/app/shared/components/header/header.component.ts": {"path":"/app/src/app/shared/components/header/header.component.ts","statementMap":{"0":{"start":{"line":1,"column":0},"end":{"line":1,"column":50}},"1":{"start":{"line":2,"column":0},"end":{"line":2,"column":63}},"2":{"start":{"line":3,"column":0},"end":{"line":3,"column":68}},"3":{"start":{"line":142,"column":7},"end":{"line":149,"column":null}},"4":{"start":{"line":143,"column":2},"end":{"line":143,"column":38}},"5":{"start":{"line":144,"column":2},"end":{"line":144,"column":25}},"6":{"start":{"line":147,"column":4},"end":{"line":147,"column":47}},"7":{"start":{"line":142,"column":13},"end":{"line":142,"column":28}},"8":{"start":{"line":142,"column":13},"end":{"line":149,"column":null}}},"fnMap":{"0":{"name":"(anonymous_0)","decl":{"start":{"line":142,"column":7},"end":{"line":142,"column":13}},"loc":{"start":{"line":142,"column":7},"end":{"line":149,"column":1}}},"1":{"name":"(anonymous_1)","decl":{"start":{"line":146,"column":2},"end":{"line":146,"column":18}},"loc":{"start":{"line":146,"column":18},"end":{"line":148,"column":3}}}},"branchMap":{},"s":{"0":1,"1":1,"2":1,"3":1,"4":1,"5":1,"6":0,"7":1,"8":1},"f":{"0":1,"1":0},"b":{}}
,"/app/src/app/shared/components/toast/toast.component.ts": {"path":"/app/src/app/shared/components/toast/toast.component.ts","statementMap":{"0":{"start":{"line":1,"column":0},"end":{"line":1,"column":50}},"1":{"start":{"line":2,"column":0},"end":{"line":2,"column":47}},"2":{"start":{"line":3,"column":0},"end":{"line":3,"column":75}},"3":{"start":{"line":54,"column":7},"end":{"line":56,"column":null}},"4":{"start":{"line":55,"column":2},"end":{"line":55,"column":38}},"5":{"start":{"line":54,"column":13},"end":{"line":54,"column":27}},"6":{"start":{"line":54,"column":13},"end":{"line":56,"column":null}}},"fnMap":{"0":{"name":"(anonymous_0)","decl":{"start":{"line":54,"column":7},"end":{"line":54,"column":13}},"loc":{"start":{"line":54,"column":7},"end":{"line":56,"column":1}}}},"branchMap":{},"s":{"0":1,"1":1,"2":1,"3":1,"4":1,"5":1,"6":1},"f":{"0":1},"b":{}}
}
